<?xml version="1.0" encoding="UTF-8"?>
<testsuite xmlns:xsi="http://www.w3.org/2001/XMLSchema-instance" xsi:noNamespaceSchemaLocation="https://maven.apache.org/surefire/maven-surefire-plugin/xsd/surefire-test-report-3.0.xsd" version="3.0" name="com.report.ApplicationTests" time="28.521" tests="1" errors="0" skipped="0" failures="0">
  <properties>
[...]
</properties>
  <testcase name="contextLoads" classname="com.report.ApplicationTests" time="3.625">
    <system-out><![CDATA[20:18:52.305 [main] INFO org.springframework.test.context.support.AnnotationConfigContextLoaderUtils -- Could not detect default configuration classes for test class [com.report.ApplicationTests]: ApplicationTests does not declare any static, non-private, non-final, nested classes annotated with @Configuration.
20:18:52.841 [main] INFO org.springframework.boot.test.context.SpringBootTestContextBootstrapper -- Found @SpringBootConfiguration com.report.Application for test class com.report.ApplicationTests
20:18:53.597 [main] INFO org.springframework.boot.devtools.restart.RestartApplicationListener -- Restart disabled due to context in which it is running

  .   ____          _            __ _ _
 /\\ / ___'_ __ _ _(_)_ __  __ _ \ \ \ \
( ( )\___ | '_ | '_| | '_ \/ _` | \ \ \ \
 \\/  ___)| |_)| | | | | || (_| |  ) ) ) )
  '  |____| .__|_| |_|_| |_\__, | / / / /
 =========|_|==============|___/=/_/_/_/
 :: Spring Boot ::                (v3.2.3)

2024-03-03T20:18:54.973+05:30  INFO 38572 --- [           main] com.report.ApplicationTests              : Starting ApplicationTests using Java 17.0.1 with PID 38572 (started by manon in /home/manon/Documents/workspace-spring-tool-suite-4-4.13.0.RELEASE/01-Report-app)
2024-03-03T20:18:54.981+05:30  INFO 38572 --- [           main] com.report.ApplicationTests              : No active profile set, falling back to 1 default profile: "default"
2024-03-03T20:18:58.349+05:30  INFO 38572 --- [           main] .s.d.r.c.RepositoryConfigurationDelegate : Bootstrapping Spring Data JPA repositories in DEFAULT mode.
2024-03-03T20:18:58.686+05:30  INFO 38572 --- [           main] .s.d.r.c.RepositoryConfigurationDelegate : Finished Spring Data repository scanning in 218 ms. Found 1 JPA repository interface.
2024-03-03T20:19:02.009+05:30  INFO 38572 --- [           main] o.hibernate.jpa.internal.util.LogHelper  : HHH000204: Processing PersistenceUnitInfo [name: default]
2024-03-03T20:19:02.379+05:30  INFO 38572 --- [           main] org.hibernate.Version                    : HHH000412: Hibernate ORM core version 6.4.4.Final
2024-03-03T20:19:02.639+05:30  INFO 38572 --- [           main] o.h.c.internal.RegionFactoryInitiator    : HHH000026: Second-level cache disabled
2024-03-03T20:19:03.287+05:30 DEBUG 38572 --- [           main] org.hibernate.type.BasicTypeRegistry     : Adding type registration boolean -> org.hibernate.type.BasicTypeReference@551be9f6
2024-03-03T20:19:03.288+05:30 DEBUG 38572 --- [           main] org.hibernate.type.BasicTypeRegistry     : Adding type registration boolean -> org.hibernate.type.BasicTypeReference@551be9f6
2024-03-03T20:19:03.289+05:30 DEBUG 38572 --- [           main] org.hibernate.type.BasicTypeRegistry     : Adding type registration java.lang.Boolean -> org.hibernate.type.BasicTypeReference@551be9f6
2024-03-03T20:19:03.290+05:30 DEBUG 38572 --- [           main] org.hibernate.type.BasicTypeRegistry     : Adding type registration numeric_boolean -> org.hibernate.type.BasicTypeReference@269222ae
2024-03-03T20:19:03.291+05:30 DEBUG 38572 --- [           main] org.hibernate.type.BasicTypeRegistry     : Adding type registration org.hibernate.type.NumericBooleanConverter -> org.hibernate.type.BasicTypeReference@269222ae
2024-03-03T20:19:03.291+05:30 DEBUG 38572 --- [           main] org.hibernate.type.BasicTypeRegistry     : Adding type registration true_false -> org.hibernate.type.BasicTypeReference@13250132
2024-03-03T20:19:03.292+05:30 DEBUG 38572 --- [           main] org.hibernate.type.BasicTypeRegistry     : Adding type registration org.hibernate.type.TrueFalseConverter -> org.hibernate.type.BasicTypeReference@13250132
2024-03-03T20:19:03.293+05:30 DEBUG 38572 --- [           main] org.hibernate.type.BasicTypeRegistry     : Adding type registration yes_no -> org.hibernate.type.BasicTypeReference@40d848f9
2024-03-03T20:19:03.294+05:30 DEBUG 38572 --- [           main] org.hibernate.type.BasicTypeRegistry     : Adding type registration org.hibernate.type.YesNoConverter -> org.hibernate.type.BasicTypeReference@40d848f9
2024-03-03T20:19:03.294+05:30 DEBUG 38572 --- [           main] org.hibernate.type.BasicTypeRegistry     : Adding type registration byte -> org.hibernate.type.BasicTypeReference@4a864d4d
2024-03-03T20:19:03.295+05:30 DEBUG 38572 --- [           main] org.hibernate.type.BasicTypeRegistry     : Adding type registration byte -> org.hibernate.type.BasicTypeReference@4a864d4d
2024-03-03T20:19:03.298+05:30 DEBUG 38572 --- [           main] org.hibernate.type.BasicTypeRegistry     : Adding type registration java.lang.Byte -> org.hibernate.type.BasicTypeReference@4a864d4d
2024-03-03T20:19:03.300+05:30 DEBUG 38572 --- [           main] org.hibernate.type.BasicTypeRegistry     : Adding type registration binary -> org.hibernate.type.BasicTypeReference@7d3691e1
2024-03-03T20:19:03.300+05:30 DEBUG 38572 --- [           main] org.hibernate.type.BasicTypeRegistry     : Adding type registration byte[] -> org.hibernate.type.BasicTypeReference@7d3691e1
2024-03-03T20:19:03.301+05:30 DEBUG 38572 --- [           main] org.hibernate.type.BasicTypeRegistry     : Adding type registration [B -> org.hibernate.type.BasicTypeReference@7d3691e1
2024-03-03T20:19:03.303+05:30 DEBUG 38572 --- [           main] org.hibernate.type.BasicTypeRegistry     : Adding type registration binary_wrapper -> org.hibernate.type.BasicTypeReference@3c28e5b6
2024-03-03T20:19:03.304+05:30 DEBUG 38572 --- [           main] org.hibernate.type.BasicTypeRegistry     : Adding type registration wrapper-binary -> org.hibernate.type.BasicTypeReference@3c28e5b6
2024-03-03T20:19:03.304+05:30 DEBUG 38572 --- [           main] org.hibernate.type.BasicTypeRegistry     : Adding type registration image -> org.hibernate.type.BasicTypeReference@7558c24b
2024-03-03T20:19:03.305+05:30 DEBUG 38572 --- [           main] org.hibernate.type.BasicTypeRegistry     : Adding type registration blob -> org.hibernate.type.BasicTypeReference@3a296107
2024-03-03T20:19:03.305+05:30 DEBUG 38572 --- [           main] org.hibernate.type.BasicTypeRegistry     : Adding type registration java.sql.Blob -> org.hibernate.type.BasicTypeReference@3a296107
2024-03-03T20:19:03.305+05:30 DEBUG 38572 --- [           main] org.hibernate.type.BasicTypeRegistry     : Adding type registration materialized_blob -> org.hibernate.type.BasicTypeReference@1f129467
2024-03-03T20:19:03.306+05:30 DEBUG 38572 --- [           main] org.hibernate.type.BasicTypeRegistry     : Adding type registration materialized_blob_wrapper -> org.hibernate.type.BasicTypeReference@646cd766
2024-03-03T20:19:03.306+05:30 DEBUG 38572 --- [           main] org.hibernate.type.BasicTypeRegistry     : Adding type registration short -> org.hibernate.type.BasicTypeReference@57151b3a
2024-03-03T20:19:03.307+05:30 DEBUG 38572 --- [           main] org.hibernate.type.BasicTypeRegistry     : Adding type registration short -> org.hibernate.type.BasicTypeReference@57151b3a
2024-03-03T20:19:03.309+05:30 DEBUG 38572 --- [           main] org.hibernate.type.BasicTypeRegistry     : Adding type registration java.lang.Short -> org.hibernate.type.BasicTypeReference@57151b3a
2024-03-03T20:19:03.314+05:30 DEBUG 38572 --- [           main] org.hibernate.type.BasicTypeRegistry     : Adding type registration integer -> org.hibernate.type.BasicTypeReference@26457986
2024-03-03T20:19:03.314+05:30 DEBUG 38572 --- [           main] org.hibernate.type.BasicTypeRegistry     : Adding type registration int -> org.hibernate.type.BasicTypeReference@26457986
2024-03-03T20:19:03.315+05:30 DEBUG 38572 --- [           main] org.hibernate.type.BasicTypeRegistry     : Adding type registration java.lang.Integer -> org.hibernate.type.BasicTypeReference@26457986
2024-03-03T20:19:03.315+05:30 DEBUG 38572 --- [           main] org.hibernate.type.BasicTypeRegistry     : Adding type registration long -> org.hibernate.type.BasicTypeReference@2dff7085
2024-03-03T20:19:03.317+05:30 DEBUG 38572 --- [           main] org.hibernate.type.BasicTypeRegistry     : Adding type registration long -> org.hibernate.type.BasicTypeReference@2dff7085
2024-03-03T20:19:03.320+05:30 DEBUG 38572 --- [           main] org.hibernate.type.BasicTypeRegistry     : Adding type registration java.lang.Long -> org.hibernate.type.BasicTypeReference@2dff7085
2024-03-03T20:19:03.322+05:30 DEBUG 38572 --- [           main] org.hibernate.type.BasicTypeRegistry     : Adding type registration float -> org.hibernate.type.BasicTypeReference@2faa55bb
2024-03-03T20:19:03.322+05:30 DEBUG 38572 --- [           main] org.hibernate.type.BasicTypeRegistry     : Adding type registration float -> org.hibernate.type.BasicTypeReference@2faa55bb
2024-03-03T20:19:03.323+05:30 DEBUG 38572 --- [           main] org.hibernate.type.BasicTypeRegistry     : Adding type registration java.lang.Float -> org.hibernate.type.BasicTypeReference@2faa55bb
2024-03-03T20:19:03.325+05:30 DEBUG 38572 --- [           main] org.hibernate.type.BasicTypeRegistry     : Adding type registration double -> org.hibernate.type.BasicTypeReference@501957bf
2024-03-03T20:19:03.326+05:30 DEBUG 38572 --- [           main] org.hibernate.type.BasicTypeRegistry     : Adding type registration double -> org.hibernate.type.BasicTypeReference@501957bf
2024-03-03T20:19:03.327+05:30 DEBUG 38572 --- [           main] org.hibernate.type.BasicTypeRegistry     : Adding type registration java.lang.Double -> org.hibernate.type.BasicTypeReference@501957bf
2024-03-03T20:19:03.328+05:30 DEBUG 38572 --- [           main] org.hibernate.type.BasicTypeRegistry     : Adding type registration big_integer -> org.hibernate.type.BasicTypeReference@5d1d9d73
2024-03-03T20:19:03.331+05:30 DEBUG 38572 --- [           main] org.hibernate.type.BasicTypeRegistry     : Adding type registration java.math.BigInteger -> org.hibernate.type.BasicTypeReference@5d1d9d73
2024-03-03T20:19:03.332+05:30 DEBUG 38572 --- [           main] org.hibernate.type.BasicTypeRegistry     : Adding type registration big_decimal -> org.hibernate.type.BasicTypeReference@b30a50d
2024-03-03T20:19:03.334+05:30 DEBUG 38572 --- [           main] org.hibernate.type.BasicTypeRegistry     : Adding type registration java.math.BigDecimal -> org.hibernate.type.BasicTypeReference@b30a50d
2024-03-03T20:19:03.336+05:30 DEBUG 38572 --- [           main] org.hibernate.type.BasicTypeRegistry     : Adding type registration character -> org.hibernate.type.BasicTypeReference@764a3e5d
2024-03-03T20:19:03.338+05:30 DEBUG 38572 --- [           main] org.hibernate.type.BasicTypeRegistry     : Adding type registration char -> org.hibernate.type.BasicTypeReference@764a3e5d
2024-03-03T20:19:03.339+05:30 DEBUG 38572 --- [           main] org.hibernate.type.BasicTypeRegistry     : Adding type registration java.lang.Character -> org.hibernate.type.BasicTypeReference@764a3e5d
2024-03-03T20:19:03.339+05:30 DEBUG 38572 --- [           main] org.hibernate.type.BasicTypeRegistry     : Adding type registration character_nchar -> org.hibernate.type.BasicTypeReference@6c742b84
2024-03-03T20:19:03.340+05:30 DEBUG 38572 --- [           main] org.hibernate.type.BasicTypeRegistry     : Adding type registration string -> org.hibernate.type.BasicTypeReference@5db3d57c
2024-03-03T20:19:03.340+05:30 DEBUG 38572 --- [           main] org.hibernate.type.BasicTypeRegistry     : Adding type registration java.lang.String -> org.hibernate.type.BasicTypeReference@5db3d57c
2024-03-03T20:19:03.340+05:30 DEBUG 38572 --- [           main] org.hibernate.type.BasicTypeRegistry     : Adding type registration nstring -> org.hibernate.type.BasicTypeReference@53a50b0a
2024-03-03T20:19:03.341+05:30 DEBUG 38572 --- [           main] org.hibernate.type.BasicTypeRegistry     : Adding type registration characters -> org.hibernate.type.BasicTypeReference@74ba6ff5
2024-03-03T20:19:03.341+05:30 DEBUG 38572 --- [           main] org.hibernate.type.BasicTypeRegistry     : Adding type registration char[] -> org.hibernate.type.BasicTypeReference@74ba6ff5
2024-03-03T20:19:03.341+05:30 DEBUG 38572 --- [           main] org.hibernate.type.BasicTypeRegistry     : Adding type registration [C -> org.hibernate.type.BasicTypeReference@74ba6ff5
2024-03-03T20:19:03.342+05:30 DEBUG 38572 --- [           main] org.hibernate.type.BasicTypeRegistry     : Adding type registration wrapper-characters -> org.hibernate.type.BasicTypeReference@395f52ed
2024-03-03T20:19:03.346+05:30 DEBUG 38572 --- [           main] org.hibernate.type.BasicTypeRegistry     : Adding type registration text -> org.hibernate.type.BasicTypeReference@7a84788f
2024-03-03T20:19:03.348+05:30 DEBUG 38572 --- [           main] org.hibernate.type.BasicTypeRegistry     : Adding type registration ntext -> org.hibernate.type.BasicTypeReference@102c18e
2024-03-03T20:19:03.348+05:30 DEBUG 38572 --- [           main] org.hibernate.type.BasicTypeRegistry     : Adding type registration clob -> org.hibernate.type.BasicTypeReference@26e0d39c
2024-03-03T20:19:03.348+05:30 DEBUG 38572 --- [           main] org.hibernate.type.BasicTypeRegistry     : Adding type registration java.sql.Clob -> org.hibernate.type.BasicTypeReference@26e0d39c
2024-03-03T20:19:03.349+05:30 DEBUG 38572 --- [           main] org.hibernate.type.BasicTypeRegistry     : Adding type registration nclob -> org.hibernate.type.BasicTypeReference@65eb3597
2024-03-03T20:19:03.349+05:30 DEBUG 38572 --- [           main] org.hibernate.type.BasicTypeRegistry     : Adding type registration java.sql.NClob -> org.hibernate.type.BasicTypeReference@65eb3597
2024-03-03T20:19:03.350+05:30 DEBUG 38572 --- [           main] org.hibernate.type.BasicTypeRegistry     : Adding type registration materialized_clob -> org.hibernate.type.BasicTypeReference@3c7279a5
2024-03-03T20:19:03.351+05:30 DEBUG 38572 --- [           main] org.hibernate.type.BasicTypeRegistry     : Adding type registration materialized_clob_char_array -> org.hibernate.type.BasicTypeReference@2bebd114
2024-03-03T20:19:03.353+05:30 DEBUG 38572 --- [           main] org.hibernate.type.BasicTypeRegistry     : Adding type registration materialized_clob_character_array -> org.hibernate.type.BasicTypeReference@b379bc6
2024-03-03T20:19:03.354+05:30 DEBUG 38572 --- [           main] org.hibernate.type.BasicTypeRegistry     : Adding type registration materialized_nclob -> org.hibernate.type.BasicTypeReference@374c40ba
2024-03-03T20:19:03.354+05:30 DEBUG 38572 --- [           main] org.hibernate.type.BasicTypeRegistry     : Adding type registration materialized_nclob_character_array -> org.hibernate.type.BasicTypeReference@18dcb8a7
2024-03-03T20:19:03.354+05:30 DEBUG 38572 --- [           main] org.hibernate.type.BasicTypeRegistry     : Adding type registration materialized_nclob_char_array -> org.hibernate.type.BasicTypeReference@6dcab9d9
2024-03-03T20:19:03.355+05:30 DEBUG 38572 --- [           main] org.hibernate.type.BasicTypeRegistry     : Adding type registration Duration -> org.hibernate.type.BasicTypeReference@5a14e60d
2024-03-03T20:19:03.356+05:30 DEBUG 38572 --- [           main] org.hibernate.type.BasicTypeRegistry     : Adding type registration java.time.Duration -> org.hibernate.type.BasicTypeReference@5a14e60d
2024-03-03T20:19:03.357+05:30 DEBUG 38572 --- [           main] org.hibernate.type.BasicTypeRegistry     : Adding type registration LocalDateTime -> org.hibernate.type.BasicTypeReference@f882465
2024-03-03T20:19:03.357+05:30 DEBUG 38572 --- [           main] org.hibernate.type.BasicTypeRegistry     : Adding type registration java.time.LocalDateTime -> org.hibernate.type.BasicTypeReference@f882465
2024-03-03T20:19:03.357+05:30 DEBUG 38572 --- [           main] org.hibernate.type.BasicTypeRegistry     : Adding type registration LocalDate -> org.hibernate.type.BasicTypeReference@72ecbcb3
2024-03-03T20:19:03.358+05:30 DEBUG 38572 --- [           main] org.hibernate.type.BasicTypeRegistry     : Adding type registration java.time.LocalDate -> org.hibernate.type.BasicTypeReference@72ecbcb3
2024-03-03T20:19:03.358+05:30 DEBUG 38572 --- [           main] org.hibernate.type.BasicTypeRegistry     : Adding type registration LocalTime -> org.hibernate.type.BasicTypeReference@4a50c746
2024-03-03T20:19:03.358+05:30 DEBUG 38572 --- [           main] org.hibernate.type.BasicTypeRegistry     : Adding type registration java.time.LocalTime -> org.hibernate.type.BasicTypeReference@4a50c746
2024-03-03T20:19:03.359+05:30 DEBUG 38572 --- [           main] org.hibernate.type.BasicTypeRegistry     : Adding type registration OffsetDateTime -> org.hibernate.type.BasicTypeReference@3709748f
2024-03-03T20:19:03.361+05:30 DEBUG 38572 --- [           main] org.hibernate.type.BasicTypeRegistry     : Adding type registration java.time.OffsetDateTime -> org.hibernate.type.BasicTypeReference@3709748f
2024-03-03T20:19:03.362+05:30 DEBUG 38572 --- [           main] org.hibernate.type.BasicTypeRegistry     : Adding type registration OffsetDateTimeWithTimezone -> org.hibernate.type.BasicTypeReference@79ecc507
2024-03-03T20:19:03.362+05:30 DEBUG 38572 --- [           main] org.hibernate.type.BasicTypeRegistry     : Adding type registration OffsetDateTimeWithoutTimezone -> org.hibernate.type.BasicTypeReference@6ef2f7ad
2024-03-03T20:19:03.363+05:30 DEBUG 38572 --- [           main] org.hibernate.type.BasicTypeRegistry     : Adding type registration OffsetTime -> org.hibernate.type.BasicTypeReference@22d477c2
2024-03-03T20:19:03.363+05:30 DEBUG 38572 --- [           main] org.hibernate.type.BasicTypeRegistry     : Adding type registration java.time.OffsetTime -> org.hibernate.type.BasicTypeReference@22d477c2
2024-03-03T20:19:03.364+05:30 DEBUG 38572 --- [           main] org.hibernate.type.BasicTypeRegistry     : Adding type registration OffsetTimeUtc -> org.hibernate.type.BasicTypeReference@5e85c21b
2024-03-03T20:19:03.365+05:30 DEBUG 38572 --- [           main] org.hibernate.type.BasicTypeRegistry     : Adding type registration OffsetTimeWithTimezone -> org.hibernate.type.BasicTypeReference@41def031
2024-03-03T20:19:03.368+05:30 DEBUG 38572 --- [           main] org.hibernate.type.BasicTypeRegistry     : Adding type registration OffsetTimeWithoutTimezone -> org.hibernate.type.BasicTypeReference@38e83838
2024-03-03T20:19:03.368+05:30 DEBUG 38572 --- [           main] org.hibernate.type.BasicTypeRegistry     : Adding type registration ZonedDateTime -> org.hibernate.type.BasicTypeReference@39832280
2024-03-03T20:19:03.368+05:30 DEBUG 38572 --- [           main] org.hibernate.type.BasicTypeRegistry     : Adding type registration java.time.ZonedDateTime -> org.hibernate.type.BasicTypeReference@39832280
2024-03-03T20:19:03.369+05:30 DEBUG 38572 --- [           main] org.hibernate.type.BasicTypeRegistry     : Adding type registration ZonedDateTimeWithTimezone -> org.hibernate.type.BasicTypeReference@4966bab1
2024-03-03T20:19:03.370+05:30 DEBUG 38572 --- [           main] org.hibernate.type.BasicTypeRegistry     : Adding type registration ZonedDateTimeWithoutTimezone -> org.hibernate.type.BasicTypeReference@7f0f84d4
2024-03-03T20:19:03.371+05:30 DEBUG 38572 --- [           main] org.hibernate.type.BasicTypeRegistry     : Adding type registration date -> org.hibernate.type.BasicTypeReference@6df4af5
2024-03-03T20:19:03.372+05:30 DEBUG 38572 --- [           main] org.hibernate.type.BasicTypeRegistry     : Adding type registration java.sql.Date -> org.hibernate.type.BasicTypeReference@6df4af5
2024-03-03T20:19:03.373+05:30 DEBUG 38572 --- [           main] org.hibernate.type.BasicTypeRegistry     : Adding type registration time -> org.hibernate.type.BasicTypeReference@26e8ff8c
2024-03-03T20:19:03.374+05:30 DEBUG 38572 --- [           main] org.hibernate.type.BasicTypeRegistry     : Adding type registration java.sql.Time -> org.hibernate.type.BasicTypeReference@26e8ff8c
2024-03-03T20:19:03.375+05:30 DEBUG 38572 --- [           main] org.hibernate.type.BasicTypeRegistry     : Adding type registration timestamp -> org.hibernate.type.BasicTypeReference@5aa76ad2
2024-03-03T20:19:03.375+05:30 DEBUG 38572 --- [           main] org.hibernate.type.BasicTypeRegistry     : Adding type registration java.sql.Timestamp -> org.hibernate.type.BasicTypeReference@5aa76ad2
2024-03-03T20:19:03.375+05:30 DEBUG 38572 --- [           main] org.hibernate.type.BasicTypeRegistry     : Adding type registration java.util.Date -> org.hibernate.type.BasicTypeReference@5aa76ad2
2024-03-03T20:19:03.375+05:30 DEBUG 38572 --- [           main] org.hibernate.type.BasicTypeRegistry     : Adding type registration calendar -> org.hibernate.type.BasicTypeReference@590d6c76
2024-03-03T20:19:03.376+05:30 DEBUG 38572 --- [           main] org.hibernate.type.BasicTypeRegistry     : Adding type registration java.util.Calendar -> org.hibernate.type.BasicTypeReference@590d6c76
2024-03-03T20:19:03.377+05:30 DEBUG 38572 --- [           main] org.hibernate.type.BasicTypeRegistry     : Adding type registration java.util.GregorianCalendar -> org.hibernate.type.BasicTypeReference@590d6c76
2024-03-03T20:19:03.377+05:30 DEBUG 38572 --- [           main] org.hibernate.type.BasicTypeRegistry     : Adding type registration calendar_date -> org.hibernate.type.BasicTypeReference@25791d40
2024-03-03T20:19:03.378+05:30 DEBUG 38572 --- [           main] org.hibernate.type.BasicTypeRegistry     : Adding type registration calendar_time -> org.hibernate.type.BasicTypeReference@448c92fc
2024-03-03T20:19:03.378+05:30 DEBUG 38572 --- [           main] org.hibernate.type.BasicTypeRegistry     : Adding type registration instant -> org.hibernate.type.BasicTypeReference@251c8145
2024-03-03T20:19:03.379+05:30 DEBUG 38572 --- [           main] org.hibernate.type.BasicTypeRegistry     : Adding type registration java.time.Instant -> org.hibernate.type.BasicTypeReference@251c8145
2024-03-03T20:19:03.403+05:30 DEBUG 38572 --- [           main] org.hibernate.type.BasicTypeRegistry     : Adding type registration uuid -> org.hibernate.type.BasicTypeReference@17c0274c
2024-03-03T20:19:03.405+05:30 DEBUG 38572 --- [           main] org.hibernate.type.BasicTypeRegistry     : Adding type registration java.util.UUID -> org.hibernate.type.BasicTypeReference@17c0274c
2024-03-03T20:19:03.412+05:30 DEBUG 38572 --- [           main] org.hibernate.type.BasicTypeRegistry     : Adding type registration pg-uuid -> org.hibernate.type.BasicTypeReference@17c0274c
2024-03-03T20:19:03.412+05:30 DEBUG 38572 --- [           main] org.hibernate.type.BasicTypeRegistry     : Adding type registration uuid-binary -> org.hibernate.type.BasicTypeReference@7abeabe9
2024-03-03T20:19:03.413+05:30 DEBUG 38572 --- [           main] org.hibernate.type.BasicTypeRegistry     : Adding type registration uuid-char -> org.hibernate.type.BasicTypeReference@5a05dd30
2024-03-03T20:19:03.414+05:30 DEBUG 38572 --- [           main] org.hibernate.type.BasicTypeRegistry     : Adding type registration class -> org.hibernate.type.BasicTypeReference@1b52699c
2024-03-03T20:19:03.414+05:30 DEBUG 38572 --- [           main] org.hibernate.type.BasicTypeRegistry     : Adding type registration java.lang.Class -> org.hibernate.type.BasicTypeReference@1b52699c
2024-03-03T20:19:03.414+05:30 DEBUG 38572 --- [           main] org.hibernate.type.BasicTypeRegistry     : Adding type registration currency -> org.hibernate.type.BasicTypeReference@dbed7fd
2024-03-03T20:19:03.415+05:30 DEBUG 38572 --- [           main] org.hibernate.type.BasicTypeRegistry     : Adding type registration Currency -> org.hibernate.type.BasicTypeReference@dbed7fd
2024-03-03T20:19:03.415+05:30 DEBUG 38572 --- [           main] org.hibernate.type.BasicTypeRegistry     : Adding type registration java.util.Currency -> org.hibernate.type.BasicTypeReference@dbed7fd
2024-03-03T20:19:03.415+05:30 DEBUG 38572 --- [           main] org.hibernate.type.BasicTypeRegistry     : Adding type registration locale -> org.hibernate.type.BasicTypeReference@250d440
2024-03-03T20:19:03.416+05:30 DEBUG 38572 --- [           main] org.hibernate.type.BasicTypeRegistry     : Adding type registration java.util.Locale -> org.hibernate.type.BasicTypeReference@250d440
2024-03-03T20:19:03.420+05:30 DEBUG 38572 --- [           main] org.hibernate.type.BasicTypeRegistry     : Adding type registration serializable -> org.hibernate.type.BasicTypeReference@76c86567
2024-03-03T20:19:03.420+05:30 DEBUG 38572 --- [           main] org.hibernate.type.BasicTypeRegistry     : Adding type registration java.io.Serializable -> org.hibernate.type.BasicTypeReference@76c86567
2024-03-03T20:19:03.421+05:30 DEBUG 38572 --- [           main] org.hibernate.type.BasicTypeRegistry     : Adding type registration timezone -> org.hibernate.type.BasicTypeReference@7e5efcab
2024-03-03T20:19:03.421+05:30 DEBUG 38572 --- [           main] org.hibernate.type.BasicTypeRegistry     : Adding type registration java.util.TimeZone -> org.hibernate.type.BasicTypeReference@7e5efcab
2024-03-03T20:19:03.421+05:30 DEBUG 38572 --- [           main] org.hibernate.type.BasicTypeRegistry     : Adding type registration ZoneOffset -> org.hibernate.type.BasicTypeReference@5a4dda2
2024-03-03T20:19:03.422+05:30 DEBUG 38572 --- [           main] org.hibernate.type.BasicTypeRegistry     : Adding type registration java.time.ZoneOffset -> org.hibernate.type.BasicTypeReference@5a4dda2
2024-03-03T20:19:03.430+05:30 DEBUG 38572 --- [           main] org.hibernate.type.BasicTypeRegistry     : Adding type registration url -> org.hibernate.type.BasicTypeReference@1d2fb82
2024-03-03T20:19:03.432+05:30 DEBUG 38572 --- [           main] org.hibernate.type.BasicTypeRegistry     : Adding type registration java.net.URL -> org.hibernate.type.BasicTypeReference@1d2fb82
2024-03-03T20:19:03.433+05:30 DEBUG 38572 --- [           main] org.hibernate.type.BasicTypeRegistry     : Adding type registration vector -> org.hibernate.type.BasicTypeReference@34045582
2024-03-03T20:19:03.433+05:30 DEBUG 38572 --- [           main] org.hibernate.type.BasicTypeRegistry     : Adding type registration row_version -> org.hibernate.type.BasicTypeReference@3db65c0d
2024-03-03T20:19:03.458+05:30 DEBUG 38572 --- [           main] org.hibernate.type.BasicTypeRegistry     : Adding type registration object -> org.hibernate.type.JavaObjectType@58f254b1
2024-03-03T20:19:03.458+05:30 DEBUG 38572 --- [           main] org.hibernate.type.BasicTypeRegistry     : Adding type registration java.lang.Object -> org.hibernate.type.JavaObjectType@58f254b1
2024-03-03T20:19:03.460+05:30 DEBUG 38572 --- [           main] org.hibernate.type.BasicTypeRegistry     : Adding type registration null -> org.hibernate.type.NullType@284bdeed
2024-03-03T20:19:03.461+05:30 DEBUG 38572 --- [           main] org.hibernate.type.BasicTypeRegistry     : Adding type registration imm_date -> org.hibernate.type.BasicTypeReference@58b311ba
2024-03-03T20:19:03.462+05:30 DEBUG 38572 --- [           main] org.hibernate.type.BasicTypeRegistry     : Adding type registration imm_time -> org.hibernate.type.BasicTypeReference@482c351d
2024-03-03T20:19:03.462+05:30 DEBUG 38572 --- [           main] org.hibernate.type.BasicTypeRegistry     : Adding type registration imm_timestamp -> org.hibernate.type.BasicTypeReference@75eaba95
2024-03-03T20:19:03.462+05:30 DEBUG 38572 --- [           main] org.hibernate.type.BasicTypeRegistry     : Adding type registration imm_calendar -> org.hibernate.type.BasicTypeReference@320be73
2024-03-03T20:19:03.462+05:30 DEBUG 38572 --- [           main] org.hibernate.type.BasicTypeRegistry     : Adding type registration imm_calendar_date -> org.hibernate.type.BasicTypeReference@435e416c
2024-03-03T20:19:03.463+05:30 DEBUG 38572 --- [           main] org.hibernate.type.BasicTypeRegistry     : Adding type registration imm_calendar_time -> org.hibernate.type.BasicTypeReference@6af310c7
2024-03-03T20:19:03.463+05:30 DEBUG 38572 --- [           main] org.hibernate.type.BasicTypeRegistry     : Adding type registration imm_binary -> org.hibernate.type.BasicTypeReference@4aed311e
2024-03-03T20:19:03.464+05:30 DEBUG 38572 --- [           main] org.hibernate.type.BasicTypeRegistry     : Adding type registration imm_serializable -> org.hibernate.type.BasicTypeReference@4c38cd16
2024-03-03T20:19:04.629+05:30  INFO 38572 --- [           main] o.s.o.j.p.SpringPersistenceUnitInfo      : No LoadTimeWeaver setup: ignoring JPA class transformer
2024-03-03T20:19:04.777+05:30  INFO 38572 --- [           main] com.zaxxer.hikari.HikariDataSource       : HikariPool-1 - Starting...
2024-03-03T20:19:05.661+05:30  INFO 38572 --- [           main] com.zaxxer.hikari.pool.HikariPool        : HikariPool-1 - Added connection com.mysql.cj.jdbc.ConnectionImpl@153cfd86
2024-03-03T20:19:05.667+05:30  INFO 38572 --- [           main] com.zaxxer.hikari.HikariDataSource       : HikariPool-1 - Start completed.
2024-03-03T20:19:06.046+05:30  WARN 38572 --- [           main] org.hibernate.orm.deprecation            : HHH90000025: MySQL8Dialect does not need to be specified explicitly using 'hibernate.dialect' (remove the property setting and it will be selected by default)
2024-03-03T20:19:06.048+05:30  WARN 38572 --- [           main] org.hibernate.orm.deprecation            : HHH90000026: MySQL8Dialect has been deprecated; use org.hibernate.dialect.MySQLDialect instead
2024-03-03T20:19:06.181+05:30 DEBUG 38572 --- [           main] o.h.t.d.sql.spi.DdlTypeRegistry          : addDescriptor(12, org.hibernate.type.descriptor.sql.internal.CapacityDependentDdlType@76b5a559) replaced previous registration(org.hibernate.type.descriptor.sql.internal.CapacityDependentDdlType@4bdb04c8)
2024-03-03T20:19:06.182+05:30 DEBUG 38572 --- [           main] o.h.t.d.sql.spi.DdlTypeRegistry          : addDescriptor(-9, org.hibernate.type.descriptor.sql.internal.CapacityDependentDdlType@2e8b24a1) replaced previous registration(org.hibernate.type.descriptor.sql.internal.CapacityDependentDdlType@3ce7394f)
2024-03-03T20:19:06.182+05:30 DEBUG 38572 --- [           main] o.h.t.d.sql.spi.DdlTypeRegistry          : addDescriptor(-3, org.hibernate.type.descriptor.sql.internal.CapacityDependentDdlType@6723cce7) replaced previous registration(org.hibernate.type.descriptor.sql.internal.CapacityDependentDdlType@74cd798f)
2024-03-03T20:19:06.183+05:30 DEBUG 38572 --- [           main] o.h.t.d.sql.spi.DdlTypeRegistry          : addDescriptor(4003, org.hibernate.type.descriptor.sql.internal.DdlTypeImpl@314f59b) replaced previous registration(org.hibernate.type.descriptor.sql.internal.DdlTypeImpl@63c99f7)
2024-03-03T20:19:06.183+05:30 DEBUG 38572 --- [           main] o.h.t.d.sql.spi.DdlTypeRegistry          : addDescriptor(4001, org.hibernate.type.descriptor.sql.internal.DdlTypeImpl@7f012923) replaced previous registration(org.hibernate.type.descriptor.sql.internal.DdlTypeImpl@601f264d)
2024-03-03T20:19:06.184+05:30 DEBUG 38572 --- [           main] o.h.t.d.sql.spi.DdlTypeRegistry          : addDescriptor(4002, org.hibernate.type.descriptor.sql.internal.DdlTypeImpl@4403bff8) replaced previous registration(org.hibernate.type.descriptor.sql.internal.DdlTypeImpl@261275ae)
2024-03-03T20:19:06.184+05:30 DEBUG 38572 --- [           main] o.h.t.d.sql.spi.DdlTypeRegistry          : addDescriptor(2004, org.hibernate.type.descriptor.sql.internal.CapacityDependentDdlType@502c087e) replaced previous registration(org.hibernate.type.descriptor.sql.internal.DdlTypeImpl@49986178)
2024-03-03T20:19:06.185+05:30 DEBUG 38572 --- [           main] o.h.t.d.sql.spi.DdlTypeRegistry          : addDescriptor(2005, org.hibernate.type.descriptor.sql.internal.CapacityDependentDdlType@10bdfbcc) replaced previous registration(org.hibernate.type.descriptor.sql.internal.DdlTypeImpl@25b74370)
2024-03-03T20:19:06.185+05:30 DEBUG 38572 --- [           main] o.h.t.d.sql.spi.DdlTypeRegistry          : addDescriptor(2011, org.hibernate.type.descriptor.sql.internal.CapacityDependentDdlType@15e8c040) replaced previous registration(org.hibernate.type.descriptor.sql.internal.DdlTypeImpl@1f71e024)
2024-03-03T20:19:06.190+05:30 DEBUG 38572 --- [           main] o.h.t.d.jdbc.spi.JdbcTypeRegistry        : addDescriptor(NCharTypeDescriptor) replaced previous registration(CharTypeDescriptor)
2024-03-03T20:19:06.191+05:30 DEBUG 38572 --- [           main] o.h.t.d.jdbc.spi.JdbcTypeRegistry        : addDescriptor(NVarcharTypeDescriptor) replaced previous registration(VarcharTypeDescriptor)
2024-03-03T20:19:06.192+05:30 DEBUG 38572 --- [           main] o.h.t.d.jdbc.spi.JdbcTypeRegistry        : addDescriptor(LongNVarcharTypeDescriptor) replaced previous registration(LongVarcharTypeDescriptor)
2024-03-03T20:19:06.197+05:30 DEBUG 38572 --- [           main] o.h.t.d.jdbc.spi.JdbcTypeRegistry        : addDescriptor(NClobTypeDescriptor(DEFAULT)) replaced previous registration(ClobTypeDescriptor(DEFAULT))
2024-03-03T20:19:06.198+05:30 DEBUG 38572 --- [           main] o.h.t.d.jdbc.spi.JdbcTypeRegistry        : addDescriptor(2005, ClobTypeDescriptor(STREAM_BINDING)) replaced previous registration(ClobTypeDescriptor(DEFAULT))
2024-03-03T20:19:06.252+05:30 DEBUG 38572 --- [           main] org.hibernate.type.BasicTypeRegistry     : Adding type registration null -> org.hibernate.type.NullType@6f289728
2024-03-03T20:19:06.252+05:30 DEBUG 38572 --- [           main] org.hibernate.type.BasicTypeRegistry     : Type registration key [null] overrode previous entry : `org.hibernate.type.NullType@284bdeed`
2024-03-03T20:19:06.274+05:30 DEBUG 38572 --- [           main] org.hibernate.type.BasicTypeRegistry     : Adding type registration org.hibernate.type.DurationType -> basicType@1(java.time.Duration,3015)
2024-03-03T20:19:06.274+05:30 DEBUG 38572 --- [           main] org.hibernate.type.BasicTypeRegistry     : Adding type registration Duration -> basicType@1(java.time.Duration,3015)
2024-03-03T20:19:06.275+05:30 DEBUG 38572 --- [           main] org.hibernate.type.BasicTypeRegistry     : Adding type registration java.time.Duration -> basicType@1(java.time.Duration,3015)
2024-03-03T20:19:06.288+05:30 DEBUG 38572 --- [           main] org.hibernate.type.BasicTypeRegistry     : Adding type registration org.hibernate.type.OffsetDateTimeType -> basicType@2(java.time.OffsetDateTime,3003)
2024-03-03T20:19:06.288+05:30 DEBUG 38572 --- [           main] org.hibernate.type.BasicTypeRegistry     : Adding type registration OffsetDateTime -> basicType@2(java.time.OffsetDateTime,3003)
2024-03-03T20:19:06.289+05:30 DEBUG 38572 --- [           main] org.hibernate.type.BasicTypeRegistry     : Adding type registration java.time.OffsetDateTime -> basicType@2(java.time.OffsetDateTime,3003)
2024-03-03T20:19:06.310+05:30 DEBUG 38572 --- [           main] org.hibernate.type.BasicTypeRegistry     : Adding type registration org.hibernate.type.ZonedDateTimeType -> basicType@3(java.time.ZonedDateTime,3003)
2024-03-03T20:19:06.311+05:30 DEBUG 38572 --- [           main] org.hibernate.type.BasicTypeRegistry     : Adding type registration ZonedDateTime -> basicType@3(java.time.ZonedDateTime,3003)
2024-03-03T20:19:06.311+05:30 DEBUG 38572 --- [           main] org.hibernate.type.BasicTypeRegistry     : Adding type registration java.time.ZonedDateTime -> basicType@3(java.time.ZonedDateTime,3003)
2024-03-03T20:19:06.320+05:30 DEBUG 38572 --- [           main] org.hibernate.type.BasicTypeRegistry     : Adding type registration org.hibernate.type.OffsetTimeType -> basicType@4(java.time.OffsetTime,3007)
2024-03-03T20:19:06.320+05:30 DEBUG 38572 --- [           main] org.hibernate.type.BasicTypeRegistry     : Adding type registration OffsetTime -> basicType@4(java.time.OffsetTime,3007)
2024-03-03T20:19:06.320+05:30 DEBUG 38572 --- [           main] org.hibernate.type.BasicTypeRegistry     : Adding type registration java.time.OffsetTime -> basicType@4(java.time.OffsetTime,3007)
2024-03-03T20:19:06.333+05:30 DEBUG 38572 --- [           main] o.h.type.spi.TypeConfiguration$Scope     : Scoping TypeConfiguration [org.hibernate.type.spi.TypeConfiguration@20c3b34b] to MetadataBuildingContext [org.hibernate.boot.internal.MetadataBuildingContextRootImpl@1eb906f3]
2024-03-03T20:19:09.654+05:30  INFO 38572 --- [           main] o.h.e.t.j.p.i.JtaPlatformInitiator       : HHH000489: No JTA platform available (set 'hibernate.transaction.jta.platform' to enable JTA platform integration)
2024-03-03T20:19:09.655+05:30 DEBUG 38572 --- [           main] o.h.type.spi.TypeConfiguration$Scope     : Scoping TypeConfiguration [org.hibernate.type.spi.TypeConfiguration@20c3b34b] to SessionFactoryImplementor [org.hibernate.internal.SessionFactoryImpl@776a3365]
2024-03-03T20:19:10.001+05:30 TRACE 38572 --- [           main] o.h.type.spi.TypeConfiguration$Scope     : Handling #sessionFactoryCreated from [org.hibernate.internal.SessionFactoryImpl@776a3365] for TypeConfiguration
2024-03-03T20:19:10.004+05:30  INFO 38572 --- [           main] j.LocalContainerEntityManagerFactoryBean : Initialized JPA EntityManagerFactory for persistence unit 'default'
2024-03-03T20:19:11.238+05:30  INFO 38572 --- [           main] o.s.d.j.r.query.QueryEnhancerFactory     : Hibernate is in classpath; If applicable, HQL parser will be used.
2024-03-03T20:19:13.677+05:30  WARN 38572 --- [           main] JpaBaseConfiguration$JpaWebConfiguration : spring.jpa.open-in-view is enabled by default. Therefore, database queries may be performed during view rendering. Explicitly configure spring.jpa.open-in-view to disable this warning
2024-03-03T20:19:15.740+05:30  INFO 38572 --- [           main] com.report.ApplicationTests              : Started ApplicationTests in 22.23 seconds (process running for 28.377)
]]></system-out>
  </testcase>
</testsuite>